<?xml version="1.0" encoding="UTF-8"?>
<!-- Generated by org.testng.reporters.JUnitXMLReporter -->
<testsuite ignored="0" hostname="DESKTOP-3475FJC" failures="0" tests="4" name="chromeTest" time="15.264" errors="0" timestamp="2023-01-04T15:22:21 IST">
  <testcase classname="com.SauceDemo.Test.TC01_VerifyLoginFunctionality" name="verifyLoginFunctionality" time="0.078"/>
  <testcase classname="com.SauceDemo.Test.TC02_VerifyLogOutFunctionality" name="verifyLogOutFunctionality" time="0.367"/>
  <testcase classname="com.SauceDemo.Test.TC04_Verify_AllProducts_AddToCart_Functionality" name="verifyAllProductsAddToCartFunctionality" time="0.654"/>
  <testcase classname="com.SauceDemo.Test.TC03_VerifyBagProductAddToCartFunctionality" name="verifyBagProductAddToCartFunctionality" time="0.191"/>
</testsuite> <!-- chromeTest -->
