<?xml version="1.0" encoding="UTF-8"?>
<!-- Generated by org.testng.reporters.JUnitXMLReporter -->
<testsuite ignored="0" hostname="DESKTOP-3475FJC" failures="0" tests="4" name="firefoxTest" time="24.276" errors="0" timestamp="2023-01-04T15:22:46 IST">
  <testcase classname="com.SauceDemo.Test.TC01_VerifyLoginFunctionality" name="verifyLoginFunctionality" time="0.005"/>
  <testcase classname="com.SauceDemo.Test.TC02_VerifyLogOutFunctionality" name="verifyLogOutFunctionality" time="0.472"/>
  <testcase classname="com.SauceDemo.Test.TC04_Verify_AllProducts_AddToCart_Functionality" name="verifyAllProductsAddToCartFunctionality" time="1.338"/>
  <testcase classname="com.SauceDemo.Test.TC03_VerifyBagProductAddToCartFunctionality" name="verifyBagProductAddToCartFunctionality" time="0.263"/>
</testsuite> <!-- firefoxTest -->
