<?xml version="1.0" encoding="UTF-8"?>
<!-- Generated by org.testng.reporters.JUnitXMLReporter -->
<testsuite ignored="0" hostname="DESKTOP-3475FJC" failures="0" tests="4" name="Test" time="26.879" errors="0" timestamp="2022-12-30T23:43:04 IST">
  <testcase classname="com.SauceDemo.Test.TC01_VerifyLoginFunctionality" name="verifyLoginFunctionality" time="0.012"/>
  <testcase classname="com.SauceDemo.Test.TC02_VerifyLogOutFunctionality" name="verifyLogOutFunctionality" time="0.57"/>
  <testcase classname="com.SauceDemo.Test.TC04_Verify_AllProducts_AddToCart_Functionality" name="verifyAllProductsAddToCartFunctionality" time="1.405"/>
  <testcase classname="com.SauceDemo.Test.TC03_VerifyBagProductAddToCartFunctionality" name="verifyBagProductAddToCartFunctionality" time="0.268"/>
</testsuite> <!-- Test -->
