<?xml version="1.0" encoding="UTF-8"?>
<testng-results ignored="0" total="8" passed="8" failed="0" skipped="0">
  <reporter-output>
  </reporter-output>
  <suite started-at="2023-01-04T15:22:06 IST" name="MainSuite" finished-at="2023-01-04T15:22:46 IST" duration-ms="39586">
    <groups>
    </groups>
    <test started-at="2023-01-04T15:22:06 IST" name="chromeTest" finished-at="2023-01-04T15:22:21 IST" duration-ms="15264">
      <class name="com.SauceDemo.Test.TC01_VerifyLoginFunctionality">
        <test-method is-config="true" signature="setUp(java.lang.String)[pri:0, instance:com.SauceDemo.Test.TC01_VerifyLoginFunctionality@3427b02d]" started-at="2023-01-04T15:22:06 IST" name="setUp" finished-at="2023-01-04T15:22:10 IST" duration-ms="4228" status="PASS">
          <params>
            <param index="0">
              <value>
                <![CDATA[chrome]]>
              </value>
            </param>
          </params>
          <reporter-output>
          </reporter-output>
        </test-method> <!-- setUp -->
        <test-method signature="verifyLoginFunctionality()[pri:0, instance:com.SauceDemo.Test.TC01_VerifyLoginFunctionality@3427b02d]" started-at="2023-01-04T15:22:10 IST" name="verifyLoginFunctionality" finished-at="2023-01-04T15:22:11 IST" duration-ms="78" status="PASS">
          <reporter-output>
          </reporter-output>
        </test-method> <!-- verifyLoginFunctionality -->
        <test-method is-config="true" signature="tearDown()[pri:0, instance:com.SauceDemo.Test.TC01_VerifyLoginFunctionality@3427b02d]" started-at="2023-01-04T15:22:11 IST" name="tearDown" finished-at="2023-01-04T15:22:11 IST" duration-ms="408" status="PASS">
          <reporter-output>
          </reporter-output>
        </test-method> <!-- tearDown -->
      </class> <!-- com.SauceDemo.Test.TC01_VerifyLoginFunctionality -->
      <class name="com.SauceDemo.Test.TC02_VerifyLogOutFunctionality">
        <test-method is-config="true" signature="setUp(java.lang.String)[pri:0, instance:com.SauceDemo.Test.TC02_VerifyLogOutFunctionality@441772e]" started-at="2023-01-04T15:22:11 IST" name="setUp" finished-at="2023-01-04T15:22:13 IST" duration-ms="1928" status="PASS">
          <params>
            <param index="0">
              <value>
                <![CDATA[chrome]]>
              </value>
            </param>
          </params>
          <reporter-output>
          </reporter-output>
        </test-method> <!-- setUp -->
        <test-method signature="verifyLogOutFunctionality()[pri:0, instance:com.SauceDemo.Test.TC02_VerifyLogOutFunctionality@441772e]" started-at="2023-01-04T15:22:13 IST" name="verifyLogOutFunctionality" finished-at="2023-01-04T15:22:13 IST" duration-ms="367" status="PASS">
          <reporter-output>
          </reporter-output>
        </test-method> <!-- verifyLogOutFunctionality -->
        <test-method is-config="true" signature="tearDown()[pri:0, instance:com.SauceDemo.Test.TC02_VerifyLogOutFunctionality@441772e]" started-at="2023-01-04T15:22:13 IST" name="tearDown" finished-at="2023-01-04T15:22:14 IST" duration-ms="315" status="PASS">
          <reporter-output>
          </reporter-output>
        </test-method> <!-- tearDown -->
      </class> <!-- com.SauceDemo.Test.TC02_VerifyLogOutFunctionality -->
      <class name="com.SauceDemo.Test.TC03_VerifyBagProductAddToCartFunctionality">
        <test-method is-config="true" signature="setUp(java.lang.String)[pri:0, instance:com.SauceDemo.Test.TC03_VerifyBagProductAddToCartFunctionality@1d9b7cce]" started-at="2023-01-04T15:22:19 IST" name="setUp" finished-at="2023-01-04T15:22:21 IST" duration-ms="1941" status="PASS">
          <params>
            <param index="0">
              <value>
                <![CDATA[chrome]]>
              </value>
            </param>
          </params>
          <reporter-output>
          </reporter-output>
        </test-method> <!-- setUp -->
        <test-method signature="verifyBagProductAddToCartFunctionality()[pri:0, instance:com.SauceDemo.Test.TC03_VerifyBagProductAddToCartFunctionality@1d9b7cce]" started-at="2023-01-04T15:22:21 IST" name="verifyBagProductAddToCartFunctionality" finished-at="2023-01-04T15:22:21 IST" duration-ms="191" status="PASS">
          <reporter-output>
          </reporter-output>
        </test-method> <!-- verifyBagProductAddToCartFunctionality -->
        <test-method is-config="true" signature="tearDown()[pri:0, instance:com.SauceDemo.Test.TC03_VerifyBagProductAddToCartFunctionality@1d9b7cce]" started-at="2023-01-04T15:22:21 IST" name="tearDown" finished-at="2023-01-04T15:22:21 IST" duration-ms="551" status="PASS">
          <reporter-output>
          </reporter-output>
        </test-method> <!-- tearDown -->
      </class> <!-- com.SauceDemo.Test.TC03_VerifyBagProductAddToCartFunctionality -->
      <class name="com.SauceDemo.Test.TC04_Verify_AllProducts_AddToCart_Functionality">
        <test-method is-config="true" signature="setUp(java.lang.String)[pri:0, instance:com.SauceDemo.Test.TC04_Verify_AllProducts_AddToCart_Functionality@7334aada]" started-at="2023-01-04T15:22:14 IST" name="setUp" finished-at="2023-01-04T15:22:16 IST" duration-ms="2032" status="PASS">
          <params>
            <param index="0">
              <value>
                <![CDATA[chrome]]>
              </value>
            </param>
          </params>
          <reporter-output>
          </reporter-output>
        </test-method> <!-- setUp -->
        <test-method signature="verifyAllProductsAddToCartFunctionality()[pri:0, instance:com.SauceDemo.Test.TC04_Verify_AllProducts_AddToCart_Functionality@7334aada]" started-at="2023-01-04T15:22:16 IST" name="verifyAllProductsAddToCartFunctionality" finished-at="2023-01-04T15:22:16 IST" duration-ms="654" status="PASS">
          <reporter-output>
          </reporter-output>
        </test-method> <!-- verifyAllProductsAddToCartFunctionality -->
        <test-method is-config="true" signature="tearDown()[pri:0, instance:com.SauceDemo.Test.TC04_Verify_AllProducts_AddToCart_Functionality@7334aada]" started-at="2023-01-04T15:22:16 IST" name="tearDown" finished-at="2023-01-04T15:22:19 IST" duration-ms="2520" status="PASS">
          <reporter-output>
          </reporter-output>
        </test-method> <!-- tearDown -->
      </class> <!-- com.SauceDemo.Test.TC04_Verify_AllProducts_AddToCart_Functionality -->
    </test> <!-- chromeTest -->
    <test started-at="2023-01-04T15:22:22 IST" name="firefoxTest" finished-at="2023-01-04T15:22:46 IST" duration-ms="24276">
      <class name="com.SauceDemo.Test.TC01_VerifyLoginFunctionality">
        <test-method is-config="true" signature="setUp(java.lang.String)[pri:0, instance:com.SauceDemo.Test.TC01_VerifyLoginFunctionality@222545dc]" started-at="2023-01-04T15:22:22 IST" name="setUp" finished-at="2023-01-04T15:22:27 IST" duration-ms="5130" status="PASS">
          <params>
            <param index="0">
              <value>
                <![CDATA[firefox]]>
              </value>
            </param>
          </params>
          <reporter-output>
          </reporter-output>
        </test-method> <!-- setUp -->
        <test-method signature="verifyLoginFunctionality()[pri:0, instance:com.SauceDemo.Test.TC01_VerifyLoginFunctionality@222545dc]" started-at="2023-01-04T15:22:27 IST" name="verifyLoginFunctionality" finished-at="2023-01-04T15:22:27 IST" duration-ms="5" status="PASS">
          <reporter-output>
          </reporter-output>
        </test-method> <!-- verifyLoginFunctionality -->
        <test-method is-config="true" signature="tearDown()[pri:0, instance:com.SauceDemo.Test.TC01_VerifyLoginFunctionality@222545dc]" started-at="2023-01-04T15:22:27 IST" name="tearDown" finished-at="2023-01-04T15:22:28 IST" duration-ms="1171" status="PASS">
          <reporter-output>
          </reporter-output>
        </test-method> <!-- tearDown -->
      </class> <!-- com.SauceDemo.Test.TC01_VerifyLoginFunctionality -->
      <class name="com.SauceDemo.Test.TC02_VerifyLogOutFunctionality">
        <test-method is-config="true" signature="setUp(java.lang.String)[pri:0, instance:com.SauceDemo.Test.TC02_VerifyLogOutFunctionality@5c5eefef]" started-at="2023-01-04T15:22:28 IST" name="setUp" finished-at="2023-01-04T15:22:32 IST" duration-ms="4068" status="PASS">
          <params>
            <param index="0">
              <value>
                <![CDATA[firefox]]>
              </value>
            </param>
          </params>
          <reporter-output>
          </reporter-output>
        </test-method> <!-- setUp -->
        <test-method signature="verifyLogOutFunctionality()[pri:0, instance:com.SauceDemo.Test.TC02_VerifyLogOutFunctionality@5c5eefef]" started-at="2023-01-04T15:22:32 IST" name="verifyLogOutFunctionality" finished-at="2023-01-04T15:22:32 IST" duration-ms="472" status="PASS">
          <reporter-output>
          </reporter-output>
        </test-method> <!-- verifyLogOutFunctionality -->
        <test-method is-config="true" signature="tearDown()[pri:0, instance:com.SauceDemo.Test.TC02_VerifyLogOutFunctionality@5c5eefef]" started-at="2023-01-04T15:22:32 IST" name="tearDown" finished-at="2023-01-04T15:22:34 IST" duration-ms="1214" status="PASS">
          <reporter-output>
          </reporter-output>
        </test-method> <!-- tearDown -->
      </class> <!-- com.SauceDemo.Test.TC02_VerifyLogOutFunctionality -->
      <class name="com.SauceDemo.Test.TC03_VerifyBagProductAddToCartFunctionality">
        <test-method is-config="true" signature="setUp(java.lang.String)[pri:0, instance:com.SauceDemo.Test.TC03_VerifyBagProductAddToCartFunctionality@5158b42f]" started-at="2023-01-04T15:22:40 IST" name="setUp" finished-at="2023-01-04T15:22:44 IST" duration-ms="3996" status="PASS">
          <params>
            <param index="0">
              <value>
                <![CDATA[firefox]]>
              </value>
            </param>
          </params>
          <reporter-output>
          </reporter-output>
        </test-method> <!-- setUp -->
        <test-method signature="verifyBagProductAddToCartFunctionality()[pri:0, instance:com.SauceDemo.Test.TC03_VerifyBagProductAddToCartFunctionality@5158b42f]" started-at="2023-01-04T15:22:44 IST" name="verifyBagProductAddToCartFunctionality" finished-at="2023-01-04T15:22:44 IST" duration-ms="263" status="PASS">
          <reporter-output>
          </reporter-output>
        </test-method> <!-- verifyBagProductAddToCartFunctionality -->
        <test-method is-config="true" signature="tearDown()[pri:0, instance:com.SauceDemo.Test.TC03_VerifyBagProductAddToCartFunctionality@5158b42f]" started-at="2023-01-04T15:22:44 IST" name="tearDown" finished-at="2023-01-04T15:22:46 IST" duration-ms="1325" status="PASS">
          <reporter-output>
          </reporter-output>
        </test-method> <!-- tearDown -->
      </class> <!-- com.SauceDemo.Test.TC03_VerifyBagProductAddToCartFunctionality -->
      <class name="com.SauceDemo.Test.TC04_Verify_AllProducts_AddToCart_Functionality">
        <test-method is-config="true" signature="setUp(java.lang.String)[pri:0, instance:com.SauceDemo.Test.TC04_Verify_AllProducts_AddToCart_Functionality@16293aa2]" started-at="2023-01-04T15:22:34 IST" name="setUp" finished-at="2023-01-04T15:22:38 IST" duration-ms="4001" status="PASS">
          <params>
            <param index="0">
              <value>
                <![CDATA[firefox]]>
              </value>
            </param>
          </params>
          <reporter-output>
          </reporter-output>
        </test-method> <!-- setUp -->
        <test-method signature="verifyAllProductsAddToCartFunctionality()[pri:0, instance:com.SauceDemo.Test.TC04_Verify_AllProducts_AddToCart_Functionality@16293aa2]" started-at="2023-01-04T15:22:38 IST" name="verifyAllProductsAddToCartFunctionality" finished-at="2023-01-04T15:22:39 IST" duration-ms="1338" status="PASS">
          <reporter-output>
          </reporter-output>
        </test-method> <!-- verifyAllProductsAddToCartFunctionality -->
        <test-method is-config="true" signature="tearDown()[pri:0, instance:com.SauceDemo.Test.TC04_Verify_AllProducts_AddToCart_Functionality@16293aa2]" started-at="2023-01-04T15:22:39 IST" name="tearDown" finished-at="2023-01-04T15:22:40 IST" duration-ms="1287" status="PASS">
          <reporter-output>
          </reporter-output>
        </test-method> <!-- tearDown -->
      </class> <!-- com.SauceDemo.Test.TC04_Verify_AllProducts_AddToCart_Functionality -->
    </test> <!-- firefoxTest -->
  </suite> <!-- MainSuite -->
</testng-results>
